Arguments: 
  /Users/gluque/.nvm/versions/node/v12.13.1/bin/node /usr/local/Cellar/yarn/1.22.4/libexec/bin/yarn.js install

PATH: 
  /Library/PostgreSQL/12/bin:/Users/gluque/.rbenv/shims:/Users/gluque/.nvm/versions/node/v12.13.1/bin:/usr/local/bin:/usr/bin:/bin:/usr/sbin:/sbin:/Library/Frameworks/Mono.framework/Versions/Current/Commands:/Library/PostgreSQL/12/bin:/Users/gluque/.rbenv/shims:/Users/gluque/.nvm/versions/node/v12.13.1/bin

Yarn version: 
  1.22.4

Node version: 
  12.13.1

Platform: 
  darwin x64

Trace: 
  SyntaxError: /Users/gluque/Desktop/Projects/TDD-Vitae/vitae-server/package.json: Unexpected token } in JSON at position 1119
      at JSON.parse (<anonymous>)
      at /usr/local/Cellar/yarn/1.22.4/libexec/lib/cli.js:1625:59
      at Generator.next (<anonymous>)
      at step (/usr/local/Cellar/yarn/1.22.4/libexec/lib/cli.js:310:30)
      at /usr/local/Cellar/yarn/1.22.4/libexec/lib/cli.js:321:13

npm manifest: 
  {
    "name": "tdd-vitae-server",
    "version": "1.0.0",
    "description": "Vitae Json API server",
    "main": "index.js",
    "scripts": {
      "start": "concurrently --kill-others 'yarn run dev-lint' 'yarn run dev-babel'",
      "dev-babel": "nodemon --exec babel-node -r dotenv/config src/index.js",
      "dev-lint": "nodemon --exec 'yarn run lint' src/index.js",
      "debug": "nodemon --inspect --exec babel-node -r dotenv/config src/index.js",
      "lint": "eslint ./",
      "build": "rm -rf dist && mkdir dist && babel src -d dist --copy-files",
      "test": "NODE_ENV=test jest --detectOpenHandles --forceExit"
    },
    "author": "FLUVIP",
    "license": "ISC",
    "dependencies": {
      "axios": "^0.19.0",
      "bcryptjs": "^2.4.3",
      "cors": "^2.8.5",
      "crypto-random-string": "^3.0.1",
      "express": "^4.17.1",
      "express-validator": "^6.2.0",
      "image-size": "^0.8.3",
      "jsonwebtoken": "^8.5.1",
      "moment": "^2.24.0",
      "mongoose": "^5.7.8",
      "mongoose-aggregate-paginate-v2": "^1.0.2",
      "mongoose-paginate-v2": "^1.3.6",
      "multer": "^1.4.2",
      "node-cache": "^5.1.0",
      "validator": "^12.1.0",
    },
    "devDependencies": {
      "@babel/cli": "^7.8.4",
      "@babel/core": "^7.8.3",
      "@babel/node": "^7.8.7",
      "@babel/preset-env": "^7.8.3",
      "apidoc": "^0.17.7",
      "babel-jest": "^24.9.0",
      "concurrently": "^5.0.0",
      "dotenv": "^8.2.0",
      "eslint": "^6.6.0",
      "eslint-config-airbnb-base": "^14.0.0",
      "eslint-config-prettier": "^6.11.0",
      "eslint-plugin-import": "^2.18.2",
      "eslint-plugin-prettier": "^3.1.3",
      "jest": "^24.9.0",
      "nodemon": "^1.19.4",
      "prettier": "2.0.5",
      "supertest": "^4.0.2"
    },
    "jest": {
      "testEnvironment": "node",
      "coveragePathIgnorePatterns": [
        "/node_modules/"
      ]
    }
  }

yarn manifest: 
  No manifest

Lockfile: 
  No lockfile
